# JRE version: 7.0_17-b02
# Java VM: Java HotSpot(TM) Client VM (23.7-b01 mixed mode, sharing windows-x86 )
Heap
 def new generation   total 4928K, used 593K [0x24a30000, 0x24f80000, 0x29f80000)
  eden space 4416K,   4% used [0x24a30000, 0x24a64840, 0x24e80000)
  from space 512K,  74% used [0x24f00000, 0x24f5fbc0, 0x24f80000)
  to   space 512K,   0% used [0x24e80000, 0x24e80000, 0x24f00000)
 tenured generation   total 10944K, used 2001K [0x29f80000, 0x2aa30000, 0x34a30000)
   the space 10944K,  18% used [0x29f80000, 0x2a174690, 0x2a174800, 0x2aa30000)
 compacting perm gen  total 12288K, used 1784K [0x34a30000, 0x35630000, 0x38a30000)
   the space 12288K,  14% used [0x34a30000, 0x34bee148, 0x34bee200, 0x35630000)
    ro space 10240K,  42% used [0x38a30000, 0x38e71d60, 0x38e71e00, 0x39430000)
    rw space 12288K,  54% used [0x39430000, 0x39ab2928, 0x39ab2a00, 0x3a030000)
GC Heap History (6 events):
Event: 0.211 GC heap before
{Heap before GC invocations=0 (full 0):
 def new generation   total 4928K, used 4416K [0x24a30000, 0x24f80000, 0x29f80000)
  eden space 4416K, 100% used [0x24a30000, 0x24e80000, 0x24e80000)
  from space 512K,   0% used [0x24e80000, 0x24e80000, 0x24f00000)
  to   space 512K,   0% used [0x24f00000, 0x24f00000, 0x24f80000)
 tenured generation   total 10944K, used 0K [0x29f80000, 0x2aa30000, 0x34a30000)
   the space 10944K,   0% used [0x29f80000, 0x29f80000, 0x29f80200, 0x2aa30000)
 compacting perm gen  total 12288K, used 631K [0x34a30000, 0x35630000, 0x38a30000)
   the space 12288K,   5% used [0x34a30000, 0x34acdcf0, 0x34acde00, 0x35630000)
    ro space 10240K,  42% used [0x38a30000, 0x38e71d60, 0x38e71e00, 0x39430000)
    rw space 12288K,  54% used [0x39430000, 0x39ab2928, 0x39ab2a00, 0x3a030000)
Event: 0.215 GC heap after
Heap after GC invocations=1 (full 0):
 def new generation   total 4928K, used 512K [0x24a30000, 0x24f80000, 0x29f80000)
  eden space 4416K,   0% used [0x24a30000, 0x24a30000, 0x24e80000)
  from space 512K, 100% used [0x24f00000, 0x24f80000, 0x24f80000)
  to   space 512K,   0% used [0x24e80000, 0x24e80000, 0x24f00000)
 tenured generation   total 10944K, used 856K [0x29f80000, 0x2aa30000, 0x34a30000)
   the space 10944K,   7% used [0x29f80000, 0x2a0563e8, 0x2a056400, 0x2aa30000)
 compacting perm gen  total 12288K, used 631K [0x34a30000, 0x35630000, 0x38a30000)
   the space 12288K,   5% used [0x34a30000, 0x34acdcf0, 0x34acde00, 0x35630000)
    ro space 10240K,  42% used [0x38a30000, 0x38e71d60, 0x38e71e00, 0x39430000)
    rw space 12288K,  54% used [0x39430000, 0x39ab2928, 0x39ab2a00, 0x3a030000)
}
Event: 0.417 GC heap before
{Heap before GC invocations=1 (full 0):
 def new generation   total 4928K, used 4928K [0x24a30000, 0x24f80000, 0x29f80000)
  eden space 4416K, 100% used [0x24a30000, 0x24e80000, 0x24e80000)
  from space 512K, 100% used [0x24f00000, 0x24f80000, 0x24f80000)
  to   space 512K,   0% used [0x24e80000, 0x24e80000, 0x24f00000)
 tenured generation   total 10944K, used 856K [0x29f80000, 0x2aa30000, 0x34a30000)
   the space 10944K,   7% used [0x29f80000, 0x2a0563e8, 0x2a056400, 0x2aa30000)
 compacting perm gen  total 12288K, used 1602K [0x34a30000, 0x35630000, 0x38a30000)
   the space 12288K,  13% used [0x34a30000, 0x34bc0a50, 0x34bc0c00, 0x35630000)
    ro space 10240K,  42% used [0x38a30000, 0x38e71d60, 0x38e71e00, 0x39430000)
    rw space 12288K,  54% used [0x39430000, 0x39ab2928, 0x39ab2a00, 0x3a030000)
Event: 0.421 GC heap after
Heap after GC invocations=2 (full 0):
 def new generation   total 4928K, used 512K [0x24a30000, 0x24f80000, 0x29f80000)
  eden space 4416K,   0% used [0x24a30000, 0x24a30000, 0x24e80000)
  from space 512K, 100% used [0x24e80000, 0x24f00000, 0x24f00000)
  to   space 512K,   0% used [0x24f00000, 0x24f00000, 0x24f80000)
 tenured generation   total 10944K, used 1828K [0x29f80000, 0x2aa30000, 0x34a30000)
   the space 10944K,  16% used [0x29f80000, 0x2a1491e0, 0x2a149200, 0x2aa30000)
 compacting perm gen  total 12288K, used 1602K [0x34a30000, 0x35630000, 0x38a30000)
   the space 12288K,  13% used [0x34a30000, 0x34bc0a50, 0x34bc0c00, 0x35630000)
    ro space 10240K,  42% used [0x38a30000, 0x38e71d60, 0x38e71e00, 0x39430000)
    rw space 12288K,  54% used [0x39430000, 0x39ab2928, 0x39ab2a00, 0x3a030000)
}
Event: 14.636 GC heap before
{Heap before GC invocations=2 (full 0):
 def new generation   total 4928K, used 4928K [0x24a30000, 0x24f80000, 0x29f80000)
  eden space 4416K, 100% used [0x24a30000, 0x24e80000, 0x24e80000)
  from space 512K, 100% used [0x24e80000, 0x24f00000, 0x24f00000)
  to   space 512K,   0% used [0x24f00000, 0x24f00000, 0x24f80000)
 tenured generation   total 10944K, used 1828K [0x29f80000, 0x2aa30000, 0x34a30000)
   the space 10944K,  16% used [0x29f80000, 0x2a1491e0, 0x2a149200, 0x2aa30000)
 compacting perm gen  total 12288K, used 1784K [0x34a30000, 0x35630000, 0x38a30000)
   the space 12288K,  14% used [0x34a30000, 0x34bee138, 0x34bee200, 0x35630000)
    ro space 10240K,  42% used [0x38a30000, 0x38e71d60, 0x38e71e00, 0x39430000)
    rw space 12288K,  54% used [0x39430000, 0x39ab2928, 0x39ab2a00, 0x3a030000)
Event: 14.638 GC heap after
Heap after GC invocations=3 (full 0):
 def new generation   total 4928K, used 382K [0x24a30000, 0x24f80000, 0x29f80000)
  eden space 4416K,   0% used [0x24a30000, 0x24a30000, 0x24e80000)
  from space 512K,  74% used [0x24f00000, 0x24f5fbc0, 0x24f80000)
  to   space 512K,   0% used [0x24e80000, 0x24e80000, 0x24f00000)
 tenured generation   total 10944K, used 2001K [0x29f80000, 0x2aa30000, 0x34a30000)
   the space 10944K,  18% used [0x29f80000, 0x2a174690, 0x2a174800, 0x2aa30000)
 compacting perm gen  total 12288K, used 1784K [0x34a30000, 0x35630000, 0x38a30000)
   the space 12288K,  14% used [0x34a30000, 0x34bee138, 0x34bee200, 0x35630000)
    ro space 10240K,  42% used [0x38a30000, 0x38e71d60, 0x38e71e00, 0x39430000)
    rw space 12288K,  54% used [0x39430000, 0x39ab2928, 0x39ab2a00, 0x3a030000)
}

